<?xml version="1.0" encoding="UTF-8"?>
<!-- Generated by org.testng.reporters.JUnitReportReporter -->
<testsuite skipped="0" hostname="Arhanechka" name="NavigationTest" tests="4" failures="0" timestamp="2020-11-11T16:41:38 EET" time="8.425" errors="0">
  <testcase name="navigateToLinkTest" time="0.060" classname="NavigationTest"/>
  <system-out/>
  <testcase name="searchDestinationTest" time="2.503" classname="NavigationTest"/>
  <system-out/>
  <testcase name="tapRandomPlaceOnMapAndCheckSearchResultTest" time="2.736" classname="NavigationTest"/>
  <system-out/>
  <testcase name="movingPegmanAndCheckMapMinimizedTest" time="3.126" classname="NavigationTest"/>
  <system-out/>
</testsuite> <!-- NavigationTest -->
